[2021-05-25T14:53:42.687] [DEBUG] cheese - login => username:admin,password:123456
[2021-05-25T14:53:42.688] [DEBUG] cheese - admin
[2021-05-25T14:53:42.703] [DEBUG] cheese - null
[2021-05-25T14:53:42.703] [DEBUG] cheese - null
[2022-02-11T21:25:41.998] [DEBUG] cheese - login => username:admin,password:123
[2022-02-11T21:25:42.096] [DEBUG] cheese - admin
[2022-02-11T21:25:42.104] [DEBUG] cheese - null
[2022-02-11T21:25:42.104] [DEBUG] cheese - null
[2022-02-11T21:25:46.071] [DEBUG] cheese - login => username:admin,password:123456
[2022-02-11T21:25:46.071] [DEBUG] cheese - admin
[2022-02-11T21:25:46.073] [DEBUG] cheese - null
[2022-02-11T21:25:46.073] [DEBUG] cheese - null
[2022-02-11T21:30:33.725] [DEBUG] cheese - login => username:admin,password:123456
[2022-02-11T21:30:33.726] [DEBUG] cheese - admin
[2022-02-11T21:31:35.786] [DEBUG] cheese - login => username:admin,password:123456
[2022-02-11T21:31:35.786] [DEBUG] cheese - admin
[2022-02-11T21:32:09.892] [DEBUG] cheese - login => username:admin,password:123456
[2022-02-11T21:32:09.917] [DEBUG] cheese - admin
[2022-02-11T21:32:09.925] [DEBUG] cheese - null
[2022-02-11T21:33:49.003] [DEBUG] cheese - login => username:admin,password:123456
[2022-02-11T21:33:49.006] [DEBUG] cheese - admin
[2022-02-11T21:33:49.014] [DEBUG] cheese - null
[2022-02-11T21:37:23.461] [DEBUG] cheese - login => username:asdf1,password:123123
[2022-02-11T21:37:23.464] [DEBUG] cheese - asdf1
[2022-02-11T21:37:23.472] [DEBUG] cheese - null
[2022-02-11T21:37:23.472] [DEBUG] cheese - null
[2022-02-11T21:37:37.391] [DEBUG] cheese - login => username:admin,password:123456
[2022-02-11T21:37:37.391] [DEBUG] cheese - admin
[2022-02-11T21:37:37.394] [DEBUG] cheese - null
[2022-02-11T21:37:37.394] [DEBUG] cheese - null
[2022-02-11T21:37:40.847] [DEBUG] cheese - login => username:admin,password:123
[2022-02-11T21:37:40.847] [DEBUG] cheese - admin
[2022-02-11T21:37:40.849] [DEBUG] cheese - null
[2022-02-11T21:37:40.850] [DEBUG] cheese - null
[2022-02-11T22:18:20.758] [DEBUG] cheese - login => username:admin,password:123456
[2022-02-11T22:18:20.759] [DEBUG] cheese - admin
[2022-02-11T22:18:20.766] [DEBUG] cheese - null
[2022-02-11T22:18:20.766] [DEBUG] cheese - null
[2022-02-11T22:18:24.461] [DEBUG] cheese - login => username:zs,password:123456
[2022-02-11T22:18:24.462] [DEBUG] cheese - zs
[2022-02-11T22:18:24.463] [DEBUG] cheese - null
[2022-02-11T22:18:24.463] [DEBUG] cheese - null
[2022-02-12T10:19:56.022] [DEBUG] cheese - login => username:zs,password:123456
[2022-02-12T10:19:56.025] [DEBUG] cheese - zs
[2022-02-12T10:19:56.077] [DEBUG] cheese - null
[2022-02-12T10:19:56.077] [DEBUG] cheese - null
[2022-02-12T10:20:01.123] [DEBUG] cheese - login => username:admin,password:123456
[2022-02-12T10:20:01.123] [DEBUG] cheese - admin
[2022-02-12T10:20:01.127] [DEBUG] cheese - null
[2022-02-12T10:20:01.127] [DEBUG] cheese - null
[2022-02-12T10:59:56.581] [DEBUG] cheese - login => username:zsw,password:123213123
[2022-02-12T10:59:56.581] [DEBUG] cheese - zsw
[2022-02-12T10:59:56.583] [DEBUG] cheese - null
[2022-02-12T10:59:56.583] [DEBUG] cheese - null
[2022-02-12T11:00:32.887] [DEBUG] cheese - login => username:1231,password:123123
[2022-02-12T11:00:32.887] [DEBUG] cheese - 1231
[2022-02-12T11:00:32.888] [DEBUG] cheese - null
[2022-02-12T11:00:32.888] [DEBUG] cheese - null
[2022-02-12T11:00:52.506] [DEBUG] cheese - login => username:123,password:123123
[2022-02-12T11:00:52.506] [DEBUG] cheese - 123
[2022-02-12T11:00:52.507] [DEBUG] cheese - null
[2022-02-12T11:00:52.507] [DEBUG] cheese - null
[2022-02-12T11:01:38.427] [DEBUG] cheese - login => username:admin,password:123456
[2022-02-12T11:01:38.427] [DEBUG] cheese - admin
[2022-02-12T11:01:38.429] [DEBUG] cheese - null
[2022-02-12T11:01:38.429] [DEBUG] cheese - null
[2022-02-12T11:03:19.219] [DEBUG] cheese - login => username:123,password:12321123
[2022-02-12T11:03:19.219] [DEBUG] cheese - 123
[2022-02-12T11:03:19.220] [DEBUG] cheese - null
[2022-02-12T11:03:19.220] [DEBUG] cheese - null
[2022-02-12T11:03:24.748] [DEBUG] cheese - login => username:admin,password:123456
[2022-02-12T11:03:24.748] [DEBUG] cheese - admin
[2022-02-12T11:03:24.750] [DEBUG] cheese - null
[2022-02-12T11:03:24.750] [DEBUG] cheese - null
[2022-02-12T11:09:30.605] [DEBUG] cheese - login => username:123,password:123123
[2022-02-12T11:09:30.605] [DEBUG] cheese - 123
[2022-02-12T11:09:30.607] [DEBUG] cheese - null
[2022-02-12T11:09:30.607] [DEBUG] cheese - null
[2022-02-12T11:09:36.650] [DEBUG] cheese - login => username:admin,password:123456
[2022-02-12T11:09:36.650] [DEBUG] cheese - admin
[2022-02-12T11:09:36.651] [DEBUG] cheese - null
[2022-02-12T11:09:36.651] [DEBUG] cheese - null
[2022-02-12T11:16:06.444] [DEBUG] cheese - login => username:admin,password:123456
[2022-02-12T11:16:06.444] [DEBUG] cheese - admin
[2022-02-12T11:16:06.445] [DEBUG] cheese - null
[2022-02-12T11:16:06.445] [DEBUG] cheese - null
[2022-02-12T11:18:43.035] [DEBUG] cheese - login => username:admin,password:123456
[2022-02-12T11:18:43.035] [DEBUG] cheese - admin
[2022-02-12T11:18:43.036] [DEBUG] cheese - null
[2022-02-12T11:18:43.036] [DEBUG] cheese - null
[2022-02-12T11:30:06.373] [DEBUG] cheese - login => username:admin,password:123456
[2022-02-12T11:30:06.373] [DEBUG] cheese - admin
[2022-02-12T11:30:06.374] [DEBUG] cheese - null
[2022-02-12T11:30:06.374] [DEBUG] cheese - null
[2022-02-12T11:53:14.815] [DEBUG] cheese - login => username:admin,password:123456
[2022-02-12T11:53:14.815] [DEBUG] cheese - admin
[2022-02-12T11:53:14.817] [DEBUG] cheese - null
[2022-02-12T11:53:14.817] [DEBUG] cheese - null
[2022-02-12T12:34:45.361] [DEBUG] cheese - login => username:admin,password:123456
[2022-02-12T12:34:45.361] [DEBUG] cheese - admin
[2022-02-12T12:34:45.363] [DEBUG] cheese - null
[2022-02-12T12:34:45.363] [DEBUG] cheese - null
[2022-02-12T13:36:52.984] [DEBUG] cheese - login => username:admin,password:123456
[2022-02-12T13:36:52.984] [DEBUG] cheese - admin
[2022-02-12T13:36:52.986] [DEBUG] cheese - null
[2022-02-12T13:36:52.986] [DEBUG] cheese - null
[2022-02-13T13:59:10.224] [DEBUG] cheese - login => username:admin,password:123456
[2022-02-13T13:59:10.224] [DEBUG] cheese - admin
[2022-02-13T13:59:10.228] [DEBUG] cheese - null
[2022-02-13T13:59:10.228] [DEBUG] cheese - null
[2022-02-13T18:09:49.405] [DEBUG] cheese - null
[2022-02-13T18:10:04.301] [DEBUG] cheese - null
[2022-02-13T18:19:35.360] [DEBUG] cheese - null
[2022-02-13T18:21:00.338] [DEBUG] cheese - null
[2022-02-13T23:24:58.534] [DEBUG] cheese - null
[2022-02-13T23:25:00.243] [DEBUG] cheese - null
[2022-02-14T09:16:12.907] [DEBUG] cheese - login => username:admin,password:123456
[2022-02-14T09:16:12.907] [DEBUG] cheese - admin
[2022-02-14T09:16:12.910] [DEBUG] cheese - null
[2022-02-14T09:16:12.910] [DEBUG] cheese - null
[2022-02-14T23:55:05.106] [DEBUG] cheese - login => username:admin,password:123456
[2022-02-14T23:55:05.107] [DEBUG] cheese - admin
[2022-02-14T23:55:05.114] [DEBUG] cheese - null
[2022-02-14T23:55:05.115] [DEBUG] cheese - null
[2022-02-15T10:22:32.408] [DEBUG] cheese - login => username:admin,password:123456
[2022-02-15T10:22:32.409] [DEBUG] cheese - admin
[2022-02-15T10:22:32.418] [DEBUG] cheese - null
[2022-02-15T10:22:32.419] [DEBUG] cheese - null
[2022-02-15T22:16:14.224] [DEBUG] cheese - login => username:admin,password:123456
[2022-02-15T22:16:14.225] [DEBUG] cheese - admin
[2022-02-15T22:16:14.228] [DEBUG] cheese - null
[2022-02-15T22:16:14.228] [DEBUG] cheese - null
[2022-02-17T09:45:43.350] [DEBUG] cheese - login => username:admin,password:123456
[2022-02-17T09:45:43.351] [DEBUG] cheese - admin
[2022-02-17T09:45:43.353] [DEBUG] cheese - null
[2022-02-17T09:45:43.353] [DEBUG] cheese - null
[2022-02-17T11:18:46.177] [DEBUG] cheese - null
[2022-02-17T11:21:51.574] [DEBUG] cheese - null
[2022-02-17T11:26:24.609] [DEBUG] cheese - null
[2022-02-17T11:26:46.660] [DEBUG] cheese - null
[2022-02-17T11:34:57.463] [DEBUG] cheese - null
[2022-02-17T11:52:08.865] [DEBUG] cheese - null
[2022-02-17T11:52:43.914] [DEBUG] cheese - null
[2022-02-17T12:04:17.435] [DEBUG] cheese - null
[2022-02-17T13:22:29.600] [DEBUG] cheese - login => username:admin,password:123456
[2022-02-17T13:22:29.600] [DEBUG] cheese - admin
[2022-02-17T13:22:29.602] [DEBUG] cheese - null
[2022-02-17T13:22:29.602] [DEBUG] cheese - null
[2022-02-17T20:24:22.515] [DEBUG] cheese - login => username:admin,password:123456
[2022-02-17T20:24:22.542] [DEBUG] cheese - admin
[2022-02-17T20:24:22.545] [DEBUG] cheese - null
[2022-02-17T20:24:22.545] [DEBUG] cheese - null
[2022-02-17T20:26:34.865] [DEBUG] cheese - login => username:admin,password:123456
[2022-02-17T20:26:34.865] [DEBUG] cheese - admin
[2022-02-17T20:26:34.868] [DEBUG] cheese - null
[2022-02-17T20:26:34.868] [DEBUG] cheese - null
[2022-02-17T21:59:09.884] [DEBUG] cheese - login => username:admin,password:123456
[2022-02-17T21:59:09.885] [DEBUG] cheese - admin
[2022-02-17T21:59:09.896] [DEBUG] cheese - null
[2022-02-17T21:59:09.897] [DEBUG] cheese - null
[2022-02-17T22:08:16.625] [DEBUG] cheese - login => username:admin,password:123456
[2022-02-17T22:08:16.626] [DEBUG] cheese - admin
[2022-02-17T22:08:16.627] [DEBUG] cheese - null
[2022-02-17T22:08:16.628] [DEBUG] cheese - null
[2022-02-18T09:55:48.890] [DEBUG] cheese - login => username:admin,password:123456
[2022-02-18T09:55:48.891] [DEBUG] cheese - admin
[2022-02-18T09:55:48.903] [DEBUG] cheese - null
[2022-02-18T09:55:48.903] [DEBUG] cheese - null
[2022-02-18T10:24:55.986] [DEBUG] cheese - login => username:admin,password:123456
[2022-02-18T10:24:55.987] [DEBUG] cheese - admin
[2022-02-18T10:24:55.989] [DEBUG] cheese - null
[2022-02-18T10:24:55.990] [DEBUG] cheese - null
[2022-02-18T10:30:17.502] [DEBUG] cheese - login => username:admin,password:123456
[2022-02-18T10:30:17.503] [DEBUG] cheese - admin
[2022-02-18T10:30:17.504] [DEBUG] cheese - null
[2022-02-18T10:30:17.504] [DEBUG] cheese - null
[2022-02-18T10:31:05.258] [DEBUG] cheese - login => username:admin,password:123456
[2022-02-18T10:31:05.258] [DEBUG] cheese - admin
[2022-02-18T10:31:05.260] [DEBUG] cheese - null
[2022-02-18T10:31:05.260] [DEBUG] cheese - null
[2022-02-18T10:38:55.600] [DEBUG] cheese - login => username:admin,password:123456
[2022-02-18T10:38:55.600] [DEBUG] cheese - admin
[2022-02-18T10:38:55.602] [DEBUG] cheese - null
[2022-02-18T10:38:55.602] [DEBUG] cheese - null
[2022-02-18T10:39:03.621] [DEBUG] cheese - login => username:admin,password:123456
[2022-02-18T10:39:03.621] [DEBUG] cheese - admin
[2022-02-18T10:39:03.623] [DEBUG] cheese - null
[2022-02-18T10:39:03.623] [DEBUG] cheese - null
[2022-02-18T10:41:36.798] [DEBUG] cheese - login => username:admin,password:123456
[2022-02-18T10:41:36.799] [DEBUG] cheese - admin
[2022-02-18T10:41:36.800] [DEBUG] cheese - null
[2022-02-18T10:41:36.800] [DEBUG] cheese - null
[2022-02-18T10:41:45.087] [DEBUG] cheese - login => username:admin,password:123456
[2022-02-18T10:41:45.087] [DEBUG] cheese - admin
[2022-02-18T10:41:45.089] [DEBUG] cheese - null
[2022-02-18T10:41:45.089] [DEBUG] cheese - null
[2022-02-18T10:51:01.718] [DEBUG] cheese - login => username:admin,password:123456
[2022-02-18T10:51:01.718] [DEBUG] cheese - admin
[2022-02-18T10:51:01.720] [DEBUG] cheese - null
[2022-02-18T10:51:01.720] [DEBUG] cheese - null
[2022-02-18T10:51:33.410] [DEBUG] cheese - login => username:admin,password:123456
[2022-02-18T10:51:33.411] [DEBUG] cheese - admin
[2022-02-18T10:51:33.412] [DEBUG] cheese - null
[2022-02-18T10:51:33.412] [DEBUG] cheese - null
[2022-02-18T12:00:27.580] [DEBUG] cheese - login => username:admin,password:123456
[2022-02-18T12:00:27.580] [DEBUG] cheese - admin
[2022-02-18T12:00:27.583] [DEBUG] cheese - null
[2022-02-18T12:00:27.583] [DEBUG] cheese - null
[2022-02-18T12:07:20.612] [DEBUG] cheese - login => username:admin,password:123456
[2022-02-18T12:07:20.612] [DEBUG] cheese - admin
[2022-02-18T12:07:20.613] [DEBUG] cheese - null
[2022-02-18T12:07:20.613] [DEBUG] cheese - null
[2022-02-18T12:40:56.053] [DEBUG] cheese - login => username:admin,password:123456
[2022-02-18T12:40:56.053] [DEBUG] cheese - admin
[2022-02-18T12:40:56.054] [DEBUG] cheese - null
[2022-02-18T12:40:56.055] [DEBUG] cheese - null
[2022-02-18T12:42:10.028] [DEBUG] cheese - login => username:admin,password:123456
[2022-02-18T12:42:10.028] [DEBUG] cheese - admin
[2022-02-18T12:42:10.030] [DEBUG] cheese - null
[2022-02-18T12:42:10.030] [DEBUG] cheese - null
[2022-02-18T13:01:53.014] [DEBUG] cheese - login => username:admin,password:123456
[2022-02-18T13:01:53.016] [DEBUG] cheese - admin
[2022-02-18T13:01:53.023] [DEBUG] cheese - null
[2022-02-18T13:01:53.024] [DEBUG] cheese - null
[2022-02-18T13:06:17.147] [DEBUG] cheese - login => username:admin,password:123456
[2022-02-18T13:06:17.148] [DEBUG] cheese - admin
[2022-02-18T13:06:17.151] [DEBUG] cheese - null
[2022-02-18T13:06:17.151] [DEBUG] cheese - null
[2022-02-18T13:06:53.105] [DEBUG] cheese - login => username:admin,password:123456
[2022-02-18T13:06:53.106] [DEBUG] cheese - admin
[2022-02-18T13:06:53.107] [DEBUG] cheese - null
[2022-02-18T13:06:53.107] [DEBUG] cheese - null
[2022-02-18T13:20:07.550] [DEBUG] cheese - login => username:admin,password:123456
[2022-02-18T13:20:07.550] [DEBUG] cheese - admin
[2022-02-18T13:20:07.553] [DEBUG] cheese - null
[2022-02-18T13:20:07.553] [DEBUG] cheese - null
[2022-02-18T13:20:51.106] [DEBUG] cheese - null
[2022-02-18T19:48:31.868] [DEBUG] cheese - login => username:admin,password:123456
[2022-02-18T19:48:31.869] [DEBUG] cheese - admin
[2022-02-18T19:48:31.877] [DEBUG] cheese - null
[2022-02-18T19:48:31.877] [DEBUG] cheese - null
[2022-02-19T15:58:57.050] [DEBUG] cheese - login => username:admin,password:123456
[2022-02-19T15:58:57.060] [DEBUG] cheese - admin
[2022-02-19T15:58:57.069] [DEBUG] cheese - null
[2022-02-19T15:58:57.069] [DEBUG] cheese - null
[2022-02-19T15:59:57.352] [DEBUG] cheese - login => username:admin,password:123456
[2022-02-19T15:59:57.353] [DEBUG] cheese - admin
[2022-02-19T15:59:57.354] [DEBUG] cheese - null
[2022-02-19T15:59:57.354] [DEBUG] cheese - null
[2022-02-19T16:00:01.129] [DEBUG] cheese - login => username:admin1,password:123456
[2022-02-19T16:00:01.130] [DEBUG] cheese - admin1
[2022-02-19T16:00:01.132] [DEBUG] cheese - null
[2022-02-19T16:00:01.132] [DEBUG] cheese - null
[2022-02-19T16:00:08.233] [DEBUG] cheese - login => username:admin,password:123456
[2022-02-19T16:00:08.233] [DEBUG] cheese - admin
[2022-02-19T16:00:08.234] [DEBUG] cheese - null
[2022-02-19T16:00:08.234] [DEBUG] cheese - null
[2022-02-19T16:00:21.186] [DEBUG] cheese - login => username:admin,password:123456
[2022-02-19T16:00:21.186] [DEBUG] cheese - admin
[2022-02-19T16:00:21.187] [DEBUG] cheese - null
[2022-02-19T16:00:21.188] [DEBUG] cheese - null
[2022-02-21T08:17:44.520] [DEBUG] cheese - login => username:admin,password:123456
[2022-02-21T08:17:44.521] [DEBUG] cheese - admin
[2022-02-21T08:17:44.541] [DEBUG] cheese - null
[2022-02-21T08:17:44.541] [DEBUG] cheese - null
[2022-02-21T08:20:07.321] [DEBUG] cheese - login => username:admin,password:123456
[2022-02-21T08:20:07.321] [DEBUG] cheese - admin
[2022-02-21T08:20:07.322] [DEBUG] cheese - null
[2022-02-21T08:20:07.322] [DEBUG] cheese - null
[2022-02-21T09:03:48.303] [DEBUG] cheese - login => username:admin,password:123456
[2022-02-21T09:03:48.304] [DEBUG] cheese - admin
[2022-02-21T09:03:48.312] [DEBUG] cheese - null
[2022-02-21T09:03:48.313] [DEBUG] cheese - null
[2022-02-21T21:15:56.875] [DEBUG] cheese - login => username:admin,password:123456
[2022-02-21T21:15:56.876] [DEBUG] cheese - admin
[2022-02-21T21:15:56.895] [DEBUG] cheese - null
[2022-02-21T21:15:56.895] [DEBUG] cheese - null
[2022-02-25T10:18:55.420] [DEBUG] cheese - login => username:admin,password:123456
[2022-02-25T10:18:55.421] [DEBUG] cheese - admin
[2022-02-25T10:18:55.433] [DEBUG] cheese - null
[2022-02-25T10:18:55.433] [DEBUG] cheese - null
[2022-03-01T19:11:55.808] [DEBUG] cheese - login => username:admin,password:123456
[2022-03-01T19:11:55.822] [DEBUG] cheese - admin
[2022-03-01T19:11:55.831] [DEBUG] cheese - null
[2022-03-01T19:11:55.831] [DEBUG] cheese - null
[2022-03-01T19:12:26.426] [DEBUG] cheese - null
[2022-03-05T20:34:46.622] [DEBUG] cheese - login => username:admin,password:123456
[2022-03-05T20:34:46.642] [DEBUG] cheese - admin
[2022-03-05T20:34:46.666] [DEBUG] cheese - null
[2022-03-05T20:34:46.667] [DEBUG] cheese - null
[2022-03-05T20:35:16.906] [DEBUG] cheese - null
[2022-03-06T18:53:53.804] [DEBUG] cheese - login => username:admin,password:123456
[2022-03-06T18:53:53.821] [DEBUG] cheese - admin
[2022-03-06T18:53:53.831] [DEBUG] cheese - null
[2022-03-06T18:53:53.832] [DEBUG] cheese - null
